<?xml version="1.0" encoding="UTF-8"?>
<!-- Generated by org.testng.reporters.JUnitReportReporter -->
<testsuite hostname="Tarun01-PC" failures="0" tests="2" name="com.pennant.prodmtr.test.ProjectTaskServiceImplTest" time="1.149" errors="0" timestamp="2023-07-02T13:26:58 IST" skipped="0">
  <testcase classname="com.pennant.prodmtr.test.ProjectTaskServiceImplTest" name="testCreateProjectTask" time="1.145"/>
  <testcase classname="com.pennant.prodmtr.test.ProjectTaskServiceImplTest" name="testGetProjectTaskDTOList" time="0.004"/>
</testsuite> <!-- com.pennant.prodmtr.test.ProjectTaskServiceImplTest -->
