<?xml version="1.0" encoding="UTF-8"?>
<!-- Generated by org.testng.reporters.JUnitReportReporter -->
<testsuite hostname="Tarun01-PC" failures="0" tests="10" name="com.pennant.prodmtr.test.ResourceServiceImplTest" time="1.138" errors="0" timestamp="2023-07-02T16:54:19 IST" skipped="0">
  <testcase classname="com.pennant.prodmtr.test.ResourceServiceImplTest" name="testGetAllProjManagers" time="1.077"/>
  <testcase classname="com.pennant.prodmtr.test.ResourceServiceImplTest" name="testGetAllResources" time="0.003"/>
  <testcase classname="com.pennant.prodmtr.test.ResourceServiceImplTest" name="testSaveUser" time="0.003"/>
  <testcase classname="com.pennant.prodmtr.test.ResourceServiceImplTest" name="testFilterResources" time="0.009"/>
  <testcase classname="com.pennant.prodmtr.test.ResourceServiceImplTest" name="testGetResourceByUserId" time="0.003"/>
  <testcase classname="com.pennant.prodmtr.test.ResourceServiceImplTest" name="testGetResourceByDisplayName" time="0.004"/>
  <testcase classname="com.pennant.prodmtr.test.ResourceServiceImplTest" name="testAddUser" time="0.025"/>
  <testcase classname="com.pennant.prodmtr.test.ResourceServiceImplTest" name="testSave" time="0.003"/>
  <testcase classname="com.pennant.prodmtr.test.ResourceServiceImplTest" name="testGetUsersByProjectId" time="0.003"/>
  <testcase classname="com.pennant.prodmtr.test.ResourceServiceImplTest" name="testGetResourceById" time="0.008"/>
</testsuite> <!-- com.pennant.prodmtr.test.ResourceServiceImplTest -->
