<?xml version="1.0" encoding="UTF-8"?>
<!-- Generated by org.testng.reporters.JUnitReportReporter -->
<testsuite hostname="Tarun01-PC" failures="0" tests="1" name="com.pennant.prodmtr.test.RoleServiceImplTest" time="1.349" errors="0" timestamp="2023-07-02T13:27:16 IST" skipped="0">
  <testcase classname="com.pennant.prodmtr.test.RoleServiceImplTest" name="testGetAllRoles" time="1.349"/>
</testsuite> <!-- com.pennant.prodmtr.test.RoleServiceImplTest -->
