<?xml version="1.0" encoding="UTF-8"?>
<!-- Generated by org.testng.reporters.JUnitReportReporter -->
<testsuite hostname="Tarun01-PC" failures="0" tests="3" name="com.pennant.prodmtr.test.AnalyticServiceImplTest" time="0.044" errors="0" timestamp="2023-07-02T17:07:56 IST" skipped="0">
  <testcase classname="com.pennant.prodmtr.test.AnalyticServiceImplTest" name="testGetCompletedTasksByDate" time="0.030"/>
  <testcase classname="com.pennant.prodmtr.test.AnalyticServiceImplTest" name="testGetTotalAnalysis" time="0.004"/>
  <testcase classname="com.pennant.prodmtr.test.AnalyticServiceImplTest" name="testGetUserProjDetails" time="0.010"/>
</testsuite> <!-- com.pennant.prodmtr.test.AnalyticServiceImplTest -->
